20220814	00:08:28	9e6e5bfd-6f9a-4afe-b480-2d01375906cb	GET	/	undefined
20220814	00:08:14	77dde1b7-44b5-4545-95e0-2024a6966098	GET	/	undefined
20220814	00:08:81	f084a0bc-f684-4ab8-8c88-29738d049055	GET	/	undefined
20220814	00:08:10	875c2dce-089f-48a7-a3f7-f2c9c9349eb9	GET	/	undefined
20220814	00:08:63	d6e693c9-ae2f-46ee-ac5b-7e096486cb37	GET	/	undefined
20220814	00:08:05	ed14e3b6-dfcb-4e4d-a895-cd35f0447ee2	GET	/	undefined
20220814	00:08:96	43879ffc-0bae-4a37-8e43-1afa3ef68218	GET	/	undefined
20220814	00:08:89	e47b4313-950c-4109-bbad-9c8fb705358a	GET	/	undefined
20220814	00:08:43	8693cae5-4b3f-4f16-9fac-f06225649e8a	GET	/	undefined
20220814	00:08:70	f04dc845-0814-4365-a352-fd47d70d950d	GET	/	undefined
20220814	00:08:79	35609b66-f1f5-43e6-a1b9-c8e0f800de9a	GET	/	undefined
20220814	00:08:18	544cb019-97b2-4816-ab56-d445f6a18d6f	GET	/	undefined
20220814	00:08:14	af3f1a16-d57e-40aa-8dde-b8397df3297e	GET	/	undefined
20220814	00:08:70	080d9e91-6dd5-4b75-8439-3266f1535ffe	GET	/	undefined
20220814	00:08:02	8a75b27c-5a37-4e66-9b2f-f28982971ad4	GET	/	undefined
20220814	12:21:47	644c37c1-958f-49a9-90a0-16bdcadf9057	GET	/	undefined
20220814	12:21:57	3250a048-791a-4bd7-91d7-9d696d48c330	GET	/	undefined
20220814	12:21:58	9f9c61e7-ebd6-4f2c-b65f-8a4e253379d4	GET	/	undefined
20220814	12:21:59	4249e2b2-a31a-4ad9-97f0-de39b5d25421	GET	/	undefined
20220814	12:22:00	8d456ed3-75d0-42c2-b172-b8b3d6f083fd	GET	/	undefined
20222214	12:22:24	df4bd5d2-ab0c-450a-a039-baa5983a6d1f	GET	/	undefined
20220814	12:22:44	0a35e29a-0fe0-420e-8825-8cf295af1004	GET	/	undefined
20220815	01:05:58	03d4e318-8d67-4bbf-bc34-d33531bf9840	GET	/users	undefined
20220815	01:09:14	884b0fc6-b79b-4413-81c4-79cf9bc29ff4	POST	/users	undefined
20220815	01:09:31	6aefc1d9-29a9-4975-b074-3764815bc2ed	POST	/users	undefined
20220815	01:09:56	6c10c357-f07f-4e7c-bf9b-19d7cd2128d4	POST	/users	undefined
20220815	01:11:55	569989a0-8bab-426c-aa25-c1bc61a8aefb	POST	/users	undefined
20220815	01:12:38	bc880883-dfa2-462e-881b-9139330aff52	POST	/users	undefined
20220815	01:13:25	f9ffb7ab-c57a-4375-a998-b7b7bcfe2521	POST	/users	undefined
20220815	01:13:31	5631a9f2-cca0-4c99-8b6c-6967894d5282	GET	/users	undefined
20220815	01:13:32	76e614db-77b4-4ce1-ad3d-fdb3924ff08f	GET	/users	undefined
20220815	01:13:33	f35e5a8f-f2dd-4c5d-b6d6-77286e4ab2ad	GET	/users	undefined
20220815	01:13:33	5c0a417d-ab20-4529-91b3-010aa80e6354	GET	/users	undefined
20220815	01:13:35	13e9ebe0-0d20-478b-9cf9-ae2cafc4dae9	POST	/users	undefined
20220815	01:13:36	4b55d3d4-cba0-4e93-b59e-705211d8a9b7	POST	/users	undefined
20220815	01:13:40	7216de59-12ec-44a1-b6dd-af9e39237723	GET	/users	undefined
20220815	01:13:41	311fe42d-10ee-4e7d-9c12-9616e1fffcb3	GET	/users	undefined
20220815	01:13:41	f2e9efc1-2fa3-4d46-9b8f-722d34dd92d3	GET	/users	undefined
20220815	01:13:41	d8e31693-bdfe-4c23-ae2b-c72978aad5e1	GET	/users	undefined
20220815	01:13:41	ceb951ad-42f9-422c-a096-6b63c4cb9d4a	GET	/users	undefined
20220815	01:13:41	139e7f67-8dc9-498e-ae92-b4fff1539759	GET	/users	undefined
20220815	01:13:42	8cff6085-24ca-4164-b7df-a0b8e0fe8517	GET	/users	undefined
20220815	01:13:42	07eff85c-21af-4a07-96a8-f7c8a2a2a65e	GET	/users	undefined
20220815	01:13:42	cf27a455-8715-4857-ac59-54cf6ce6ffad	GET	/users	undefined
20220815	01:16:54	87a2f6b2-53c8-4046-896a-9590e684d263	GET	/users	undefined
20220815	07:09:21	d391f717-950e-4e3e-b735-971e5aeeb58e	GET	/users	undefined
20220815	07:09:44	608b49cb-1c97-4244-8d1d-b3b3ee92010f	POST	/users	undefined
20220815	07:09:53	3984b93d-d152-4ca3-b637-e09e45a3a9b5	POST	/users	undefined
20220815	07:10:17	cacbb659-d3f9-4713-865e-1cb1e562b129	POST	/users	undefined
20220815	07:10:21	5a67a0bd-8cff-4e24-a927-59c99f3434f3	POST	/users	undefined
20220815	07:10:24	c0ab36af-c8ea-441d-8e71-87ed2232b9a9	POST	/users	undefined
20220815	07:10:32	d5944914-8303-4e1e-8d58-a517ba478aeb	POST	/users	undefined
20220815	07:14:54	bd3bc9a4-fe0e-430a-88ea-bafcddf4d255	POST	/users	undefined
20220815	07:14:57	eaea0fde-31e9-446a-b34c-192df6a99dc4	POST	/users	undefined
20220815	07:14:58	dcae5aab-acb6-4b1a-affc-751e504ba87a	POST	/users	undefined
20220815	07:15:09	93a883a4-3e09-4b6b-8710-02e545e1d68d	POST	/users	undefined
20220815	07:15:50	25ebeb81-6029-45d6-b7c7-05b3a288fbef	POST	/users	undefined
20220815	07:15:51	2695317c-b5dd-4faa-bc1f-92e35f32bb63	POST	/users	undefined
20220815	07:15:52	2f349224-9a8c-4572-b4d2-52f32c71f959	POST	/users	undefined
20220815	07:15:52	2d9024ab-a94f-4ac0-b092-ef370bfee09e	POST	/users	undefined
20220815	07:15:52	13e23afe-ddc2-43e9-8ad9-a93cc9c96dba	POST	/users	undefined
20220815	07:18:11	9ed55a9e-4151-40de-93fb-87218ec7d047	POST	/users	undefined
20220815	07:18:13	41e11849-3d37-42e1-abf3-fe90f0f1e1e7	POST	/users	undefined
20220815	07:18:19	de1d7c46-b07a-4fa7-b0e5-62fcd5ce6172	POST	/users	undefined
20220815	07:18:26	a504bee2-d48a-4fa8-b377-0f3a17bb5655	POST	/users	undefined
20220815	07:18:30	7dfd8a2e-38ae-4912-8020-ff41720d3c24	GET	/users	undefined
20220815	07:23:40	5e5850c8-87fe-4de5-b47c-0b355a1a8075	PATCH	/users	undefined
20220815	07:24:05	45690141-d1ad-487c-a3d0-7d2df0e198eb	PATCH	/users	undefined
20220815	07:24:06	b8d232ce-267f-41e2-87bf-3b562bd104bb	PATCH	/users	undefined
20220815	07:24:07	dbef6074-b04e-4671-ba58-afce35eb71cd	PATCH	/users	undefined
20220815	07:24:07	5d03edab-6703-4dc4-9551-3a94419606ae	PATCH	/users	undefined
20220815	07:24:08	0fde16c2-47a6-4906-8d52-397a22cbd40b	PATCH	/users	undefined
20220815	07:25:07	0ac40337-1984-4820-89bc-ec60d0bffc1c	GET	/users	undefined
20220815	07:25:22	6f5223fe-d998-4a32-9198-91aee7b5f083	PATCH	/users	undefined
20220815	07:25:29	21f8e853-e716-4081-9d4c-f79d4b1afc7b	PATCH	/users	undefined
20220815	07:26:14	d09c448e-390b-40e3-8882-c18660fc282c	PATCH	/users	undefined
20220815	07:26:25	d17e6722-2ecb-49b1-8329-f65848a6a8e3	PATCH	/users	undefined
20220815	07:26:25	8c013018-5500-4aaa-8be2-6cf9a9497c58	PATCH	/users	undefined
20220815	07:26:26	a81ae673-e86a-4bf5-ab15-0f5777cdc304	PATCH	/users	undefined
20220815	07:26:26	54b68fe9-0eef-41be-9033-fc624549e120	PATCH	/users	undefined
20220815	07:26:26	084d1ec3-026f-4cc8-8c8c-d36b001e715c	PATCH	/users	undefined
20220815	07:40:11	6726f685-4155-4856-ba9e-cdae54288ad8	POST	/users	undefined
20220815	07:41:18	d9faa31e-95c2-4b4f-96b9-d43674b975c3	POST	/users	undefined
20220815	07:42:54	558f2336-6fcd-47c6-8a4c-ec9fe7683dee	DELETE	/users	undefined
20220815	07:43:40	1e68dcaf-b2fe-4468-8c18-ae454230219c	GET	/users	undefined
20220815	07:43:56	55eb0fe0-fba5-46fd-b517-c2b25df6e03b	PATCH	/users	undefined
20220815	07:44:48	78e11292-86d4-4ffd-9b5d-18c10fa592b0	PATCH	/users	undefined
20220815	08:17:15	2cdc1abd-8dd8-478e-94cd-ea64023dc27d	GET	/users	undefined
20220815	08:17:25	d11083f4-6aa5-4813-87aa-409d30a7c00d	DELETE	/users	undefined
20220815	08:17:29	4da0fcbb-af54-46b3-a9bb-dc602758d97c	GET	/users	undefined
20220815	08:17:38	2d76b197-9c6c-4dbd-b00b-8cc601d6aef5	DELETE	/users	undefined
20220815	08:17:41	f655426e-c1fd-4ddf-84bc-fc17d2d05b1a	GET	/users	undefined
20220815	08:17:49	5fe0498f-7155-4251-96ee-14feeb277285	DELETE	/users	undefined
20220815	08:17:52	fbd77266-5c8d-419c-814b-bdb7ab131975	GET	/users	undefined
20220815	08:17:53	70e88aef-1ed1-4e2f-96ee-2b47318bca16	GET	/users	undefined
20220815	08:17:53	20057d53-6b66-4740-885a-c41728268938	GET	/users	undefined
20220815	08:17:53	cbec5df1-6279-4940-96b2-a8c58f14476b	GET	/users	undefined
20220815	08:17:53	f843d4bb-bf1e-4679-9742-fe75a70ee1f2	GET	/users	undefined
20220815	08:25:12	c8344ff0-2977-40c8-86c0-0f0878c2604b	GET	/users	undefined
20220815	08:25:16	886d2b67-69a8-4624-bf64-992381cc7894	GET	/users	undefined
20220815	08:26:08	e16477c7-fbee-4d09-9f10-852ff0458a1b	GET	/users	undefined
20220815	08:27:39	0e156cab-9984-46cf-9d46-60226353df21	GET	/users	undefined
20220815	08:27:40	81545b29-c7d7-469a-8d47-26770265f19b	GET	/users	undefined
20220815	08:27:41	037ddb16-ccc3-4d61-bcc7-2775e85f549b	GET	/users	undefined
20220815	08:27:41	b12e687c-3194-45c5-a4f0-db5a9b5c16ae	GET	/users	undefined
20220815	08:27:41	8b4b6141-109b-4372-ba4e-7baeb7c8435c	GET	/users	undefined
20220815	08:27:41	fc0f0a46-eebe-48d0-968f-8438c167221a	GET	/users	undefined
20220815	08:27:42	409a0f73-c674-42a6-96ee-39e8873c372a	GET	/users	undefined
20220815	08:27:42	19bc14d5-850a-4037-a0e7-ae0f057b8ac5	GET	/users	undefined
20220815	08:27:42	dd179c94-5130-46a2-a0e9-9c39777e752d	GET	/users	undefined
20220815	08:27:42	f5f7e3ea-e9c8-4d11-b8f3-60ad549aa7e0	GET	/users	undefined
20220815	08:27:42	cdc1b409-3b27-4b51-9f99-bd4e1c11f69e	GET	/users	undefined
20220815	08:27:44	b1711760-41df-43a6-97e9-55a9d8ebf469	POST	/users	undefined
20220815	08:27:45	3428f289-e344-4436-814b-cacb230867ce	GET	/users	undefined
20220815	08:29:58	09b94568-1218-48a3-a1d8-ef0331cfc43c	POST	/users	undefined
20220815	08:44:30	0c0b43ae-63ba-4378-8ba5-8b44a4e4c26c	POST	/users	undefined
20220815	08:44:37	a400f163-0f9d-41b4-94b7-5468a7512db9	POST	/users	undefined
20220815	08:44:41	513c2ed6-69b0-47aa-912e-e58d55b5d9ed	GET	/users	undefined
20220815	08:44:44	d4d7ea7d-afb7-4574-980e-cbcac8165e4b	POST	/users	undefined
20220815	08:44:45	58f47444-06bf-4170-826b-aebf2d544f92	POST	/users	undefined
20220815	08:44:45	0d9e1869-dce3-4b53-bde3-1bd7b94210c7	POST	/users	undefined
20220815	08:44:45	2121c605-2d64-4b8f-bde5-01271896530f	POST	/users	undefined
20220815	08:44:49	c2a43c41-9d43-4049-9113-807f11b01d68	GET	/users	undefined
20220815	08:44:56	af6658f8-a5be-477c-b9ed-cf37848f566e	DELETE	/users	undefined
20220815	08:44:59	9043ae48-ee0a-4900-975b-de9a81a30b80	GET	/users	undefined
20220815	08:45:01	cc5abbdf-c289-4c30-b3a9-1b4144c5a14b	POST	/users	undefined
